2021-02-14 20:58:33.055712: Key Press - Key.shift 
2021-02-14 20:58:33.255706: Key Press - J 
2021-02-14 20:58:33.463696: Key Press - o 
2021-02-14 20:58:33.615801: Key Press - h 
2021-02-14 20:58:33.751706: Key Press - n 
2021-02-14 20:58:34.407797: Key Press - Key.space 
2021-02-14 20:58:34.551793: Key Press - Key.shift 
2021-02-14 20:58:34.711792: Key Press - R 
2021-02-14 20:58:34.935803: Key Press - i 
2021-02-14 20:58:35.079718: Key Press - c 
2021-02-14 20:58:35.183791: Key Press - e 
2021-02-14 20:59:10.039813: Key Press - g 
2021-02-14 20:59:10.183744: Key Press - i 
2021-02-14 20:59:10.247807: Key Press - t 
2021-02-14 20:59:10.639721: Key Press - Key.enter 
2021-02-14 20:59:26.463825: Key Press - Key.shift 
2021-02-14 20:59:26.663824: Key Press - C 
2021-02-14 20:59:26.911657: Key Press - r 
2021-02-14 20:59:26.967742: Key Press - e 
2021-02-14 20:59:27.063824: Key Press - a 
2021-02-14 20:59:27.143741: Key Press - t 
2021-02-14 20:59:27.191745: Key Press - e 
2021-02-14 20:59:27.495459: Key Press - 1 
2021-02-14 20:59:27.719106: Key Press - 3 
2021-02-14 20:59:27.847069: Key Press - 0 
2021-02-14 20:59:27.999742: Key Press - 4 
2021-02-14 20:59:28.111707: Key Press - 3 
2021-02-14 20:59:28.295469: Key Press - 1 
2021-02-14 20:59:28.391741: Key Press - 5 
2021-02-14 20:59:28.535635: Key Press - Key.enter 
2021-02-14 20:59:59.463780: Key Press - Key.shift 
2021-02-14 20:59:59.511845: Key Press - P 
2021-02-14 20:59:59.759397: Key Press - y 
2021-02-14 20:59:59.943844: Key Press - t 
2021-02-14 21:00:00.007763: Key Press - h 
2021-02-14 21:00:00.119301: Key Press - o 
2021-02-14 21:00:00.279847: Key Press - n 
2021-02-14 21:00:01.279755: Key Press - Key.shift_r 
2021-02-14 21:00:01.359992: Key Press - _ 
2021-02-14 21:00:01.599764: Key Press - Key.shift 
2021-02-14 21:00:01.751648: Key Press - K 
2021-02-14 21:00:01.935623: Key Press - e 
2021-02-14 21:00:02.015755: Key Press - u 
2021-02-14 21:00:02.023051: Key Press - y 
2021-02-14 21:00:02.223781: Key Press - Key.shift 
2021-02-14 21:00:02.695044: Key Press - Key.backspace 
2021-02-14 21:00:02.831547: Key Press - Key.backspace 
2021-02-14 21:00:03.215846: Key Press - Key.shift 
2021-02-14 21:00:03.687171: Key Press - Key.backspace 
2021-02-14 21:00:03.855792: Key Press - Key.backspace 
2021-02-14 21:00:04.015861: Key Press - Key.backspace 
2021-02-14 21:00:04.911860: Key Press - - 
2021-02-14 21:00:05.015851: Key Press - Key.shift 
2021-02-14 21:00:05.223852: Key Press - K 
2021-02-14 21:00:05.391856: Key Press - e 
2021-02-14 21:00:05.551854: Key Press - y 
2021-02-14 21:00:05.791851: Key Press - Key.shift 
2021-02-14 21:00:05.999815: Key Press - L 
2021-02-14 21:00:06.215852: Key Press - o 
2021-02-14 21:00:06.815854: Key Press - g 
2021-02-14 21:00:06.951869: Key Press - g 
2021-02-14 21:00:07.079847: Key Press - e 
2021-02-14 21:00:07.160045: Key Press - r 
2021-02-14 21:00:09.295747: Key Press - Key.shift 
2021-02-14 21:00:09.471770: Key Press - A 
2021-02-14 21:00:09.647855: Key Press - Key.space 
2021-02-14 21:00:09.903800: Key Press - Key.shift 
2021-02-14 21:00:10.023769: Key Press - P 
2021-02-14 21:00:10.271856: Key Press - y 
2021-02-14 21:00:10.351832: Key Press - t 
2021-02-14 21:00:10.439847: Key Press - h 
2021-02-14 21:00:10.535877: Key Press - o 
2021-02-14 21:00:10.655853: Key Press - n 
2021-02-14 21:00:10.735770: Key Press - Key.space 
2021-02-14 21:00:11.455852: Key Press - Key.shift 
2021-02-14 21:00:11.927954: Key Press - K 
2021-02-14 21:00:12.047853: Key Press - e 
2021-02-14 21:00:12.199842: Key Press - y 
2021-02-14 21:00:12.855771: Key Press - Key.space 
2021-02-14 21:00:13.039762: Key Press - Key.shift 
2021-02-14 21:00:13.151773: Key Press - L 
2021-02-14 21:00:13.335776: Key Press - o 
2021-02-14 21:00:13.447763: Key Press - g 
2021-02-14 21:00:13.759821: Key Press - e 
2021-02-14 21:00:13.855856: Key Press - r 
2021-02-14 21:00:14.207774: Key Press - Key.backspace 
2021-02-14 21:00:14.327853: Key Press - Key.backspace 
2021-02-14 21:00:14.575767: Key Press - g 
2021-02-14 21:00:14.728022: Key Press - e 
2021-02-14 21:00:14.807773: Key Press - r 
2021-02-14 21:00:14.943717: Key Press - Key.space 
2021-02-14 21:00:15.087853: Key Press - Key.shift 
2021-02-14 21:00:15.287849: Key Press - u 
2021-02-14 21:00:15.367807: Key Press - s 
2021-02-14 21:00:15.503967: Key Press - i 
2021-02-14 21:00:15.599900: Key Press - n 
2021-02-14 21:00:15.687849: Key Press - g 
2021-02-14 21:00:15.807696: Key Press - Key.space 
2021-02-14 21:00:16.255860: Key Press - Key.backspace 
2021-02-14 21:00:17.527561: Key Press - p 
2021-02-14 21:00:17.815766: Key Press - y 
2021-02-14 21:00:18.023775: Key Press - p 
2021-02-14 21:00:18.511863: Key Press - Key.backspace 
2021-02-14 21:00:18.647849: Key Press - Key.backspace 
2021-02-14 21:00:18.791858: Key Press - Key.backspace 
2021-02-14 21:00:19.423875: Key Press - Key.space 
2021-02-14 21:00:19.663857: Key Press - p 
2021-02-14 21:00:19.983691: Key Press - y 
2021-02-14 21:00:20.199619: Key Press - p 
2021-02-14 21:00:20.318846: Key Press - e 
2021-02-14 21:00:20.383791: Key Press - r 
2021-02-14 21:00:21.935868: Key Press - c 
2021-02-14 21:00:22.031862: Key Press - l 
2021-02-14 21:00:22.263871: Key Press - i 
2021-02-14 21:00:22.351123: Key Press - p 
2021-02-14 21:00:22.479855: Key Press - Key.space 
2021-02-14 21:00:22.663872: Key Press - a 
2021-02-14 21:00:22.783700: Key Press - n 
2021-02-14 21:00:22.871779: Key Press - d 
2021-02-14 21:00:23.039830: Key Press - Key.space 
2021-02-14 21:00:25.239869: Key Press - Key.backspace 
2021-02-14 21:00:25.375873: Key Press - Key.backspace 
2021-02-14 21:00:25.527771: Key Press - Key.backspace 
2021-02-14 21:00:25.655856: Key Press - Key.backspace 
2021-02-14 21:00:25.823315: Key Press - Key.backspace 
2021-02-14 21:00:26.927867: Key Press - , 
2021-02-14 21:00:27.599804: Key Press - Key.space 
2021-02-14 21:00:27.951874: Key Press - d 
2021-02-14 21:00:28.151793: Key Press - a 
2021-02-14 21:00:28.263772: Key Press - t 
2021-02-14 21:00:29.287069: Key Press - Key.backspace 
2021-02-14 21:00:30.023875: Key Press - t 
2021-02-14 21:00:30.127770: Key Press - e 
2021-02-14 21:00:31.455785: Key Press - t 
2021-02-14 21:00:31.639908: Key Press - i 
2021-02-14 21:00:31.736316: Key Press - m 
2021-02-14 21:00:31.815796: Key Press - e 
2021-02-14 21:00:31.959795: Key Press - Key.space 
2021-02-14 21:00:32.775897: Key Press - Key.backspace 
2021-02-14 21:00:33.063776: Key Press - , 
2021-02-14 21:00:33.151606: Key Press - Key.space 
2021-02-14 21:00:33.239872: Key Press - a 
2021-02-14 21:00:33.359621: Key Press - n 
2021-02-14 21:00:33.447624: Key Press - d 
2021-02-14 21:00:33.559057: Key Press - Key.space 
2021-02-14 21:00:35.479219: Key Press - p 
2021-02-14 21:00:35.927882: Key Press - y 
2021-02-14 21:00:37.911886: Key Press - n 
2021-02-14 21:00:38.159761: Key Press - p 
2021-02-14 21:00:39.127828: Key Press - t 
2021-02-14 21:00:39.455490: Key Press - Key.backspace 
2021-02-14 21:00:39.807641: Key Press - u 
2021-02-14 21:00:39.887863: Key Press - t 
